<?xml version="1.0" encoding="UTF-8"?>
<!-- Generated by org.testng.reporters.JUnitReportReporter -->
<testsuite hostname="DESKTOP-O14Q2O8" failures="0" tests="1" name="TestCases.RegressionTest.Regression" time="49.720" errors="0" timestamp="24 Jun 2019 09:01:08 GMT" skipped="0">
  <testcase classname="TestCases.RegressionTest.Regression" name="test_01" time="49.720"/>
</testsuite> <!-- TestCases.RegressionTest.Regression -->
