<?xml version="1.0" encoding="UTF-8"?>
<!-- Generated by org.testng.reporters.JUnitReportReporter -->
<testsuite hostname="DESKTOP-O14Q2O8" failures="0" tests="1" name="TestCases.RegressionTest.Flipcart" time="23.670" errors="0" timestamp="22 Jun 2019 16:11:06 GMT" skipped="0">
  <testcase classname="TestCases.RegressionTest.Flipcart" name="performOperation" time="23.670"/>
</testsuite> <!-- TestCases.RegressionTest.Flipcart -->
