<?xml version="1.0" encoding="UTF-8"?>
<!-- Generated by org.testng.reporters.JUnitReportReporter -->
<testsuite hostname="DESKTOP-O14Q2O8" failures="0" tests="1" name="TestCases.RegressionTest.TestAutomate" time="15.929" errors="0" timestamp="25 Jun 2019 13:03:12 GMT" skipped="0">
  <testcase classname="TestCases.RegressionTest.TestAutomate" name="m1" time="15.929"/>
</testsuite> <!-- TestCases.RegressionTest.TestAutomate -->
