<?xml version="1.0" encoding="UTF-8"?>
<!-- Generated by org.testng.reporters.JUnitReportReporter -->
<testsuite hostname="DESKTOP-O14Q2O8" failures="0" tests="1" name="TestCases.RegressionTest.UnionBank" time="55.981" errors="0" timestamp="25 Jun 2019 10:53:19 GMT" skipped="0">
  <testcase classname="TestCases.RegressionTest.UnionBank" name="test_01" time="55.981"/>
</testsuite> <!-- TestCases.RegressionTest.UnionBank -->
